Level,Date and Time,Source,Event ID,Task Category
Information,04-29-2026 14:09:40,Service Control Manager,7036,None,The WMI Performance Adapter service entered the running state.
Information,04-29-2026 14:09:40,Service Control Manager,7036,None,The WMI Performance Adapter service entered the stopped state.
Information,04-29-2026 14:09:35,Service Control Manager,7036,None,The WMI Performance Adapter service entered the running state.
Information,04-29-2026 14:09:35,Service Control Manager,7036,None,The WMI Performance Adapter service entered the stopped state.
Information,04-29-2026 14:09:25,Service Control Manager,7036,None,The WMI Performance Adapter service entered the running state.
Information,04-29-2026 14:09:25,Service Control Manager,7036,None,The WMI Performance Adapter service entered the stopped state.
Information,04-29-2026 14:09:15,Service Control Manager,7036,None,The WMI Performance Adapter service entered the running state.
Information,04-29-2026 14:09:15,Service Control Manager,7036,None,The WMI Performance Adapter service entered the stopped state.
Information,04-29-2026 14:09:05,Service Control Manager,7036,None,The WMI Performance Adapter service entered the running state.
Information,04-29-2026 14:09:05,Service Control Manager,7036,None,The WMI Performance Adapter service entered the stopped state.
Information,04-29-2026 14:08:55,Service Control Manager,7036,None,The WMI Performance Adapter service entered the running state.
Information,04-29-2026 14:08:55,Service Control Manager,7036,None,The WMI Performance Adapter service entered the stopped state.
Information,04-29-2026 14:08:45,Service Control Manager,7036,None,The WMI Performance Adapter service entered the running state.
Information,04-29-2026 14:08:45,Service Control Manager,7036,None,The WMI Performance Adapter service entered the stopped state.
Information,04-29-2026 14:08:40,Service Control Manager,7036,None,The WMI Performance Adapter service entered the running state.
Information,04-29-2026 14:08:40,Service Control Manager,7036,None,The WMI Performance Adapter service entered the stopped state.
Error,04-29-2026 14:08:38,Microsoft-Windows-DistributedCOM,10010,None,The server {CFCDE54C-C83E-449D-8A40-EFFE043FC227} did not register with DCOM within the required timeout.
Information,04-29-2026 14:08:30,Service Control Manager,7036,None,The WMI Performance Adapter service entered the running state.
Information,04-29-2026 14:08:30,Service Control Manager,7036,None,The WMI Performance Adapter service entered the stopped state.
Information,04-29-2026 14:08:20,Service Control Manager,7036,None,The WMI Performance Adapter service entered the running state.
Information,04-29-2026 14:08:20,Service Control Manager,7036,None,The WMI Performance Adapter service entered the stopped state.
Information,04-29-2026 14:08:10,Service Control Manager,7036,None,The WMI Performance Adapter service entered the running state.
Information,04-29-2026 14:08:10,Service Control Manager,7036,None,The WMI Performance Adapter service entered the stopped state.
Information,04-29-2026 14:08:05,Service Control Manager,7036,None,The WMI Performance Adapter service entered the running state.
Information,04-29-2026 14:08:05,Service Control Manager,7036,None,The WMI Performance Adapter service entered the stopped state.
Information,04-29-2026 14:08:03,Service Control Manager,7036,None,The Network Setup Service service entered the running state.
Information,04-29-2026 14:08:00,Service Control Manager,7036,None,The WMI Performance Adapter service entered the running state.
Information,04-29-2026 14:08:00,Service Control Manager,7036,None,The WMI Performance Adapter service entered the stopped state.
Information,04-29-2026 14:07:55,Service Control Manager,7036,None,The WMI Performance Adapter service entered the running state.
Information,04-29-2026 14:07:55,Service Control Manager,7036,None,The WMI Performance Adapter service entered the stopped state.
Information,04-29-2026 14:07:54,Service Control Manager,7036,None,The Microsoft Account Sign-in Assistant service entered the stopped state.
Information,04-29-2026 14:07:45,Service Control Manager,7036,None,The WMI Performance Adapter service entered the running state.
Information,04-29-2026 14:07:45,Service Control Manager,7036,None,The WMI Performance Adapter service entered the stopped state.
Information,04-29-2026 14:07:35,Service Control Manager,7036,None,The WMI Performance Adapter service entered the running state.
Information,04-29-2026 14:07:35,Service Control Manager,7036,None,The WMI Performance Adapter service entered the stopped state.
Information,04-29-2026 14:07:30,Service Control Manager,7036,None,The WMI Performance Adapter service entered the running state.
Information,04-29-2026 14:07:30,Service Control Manager,7036,None,The WMI Performance Adapter service entered the stopped state.
Information,04-29-2026 14:07:20,Service Control Manager,7036,None,The WMI Performance Adapter service entered the running state.
Information,04-29-2026 14:07:20,Service Control Manager,7036,None,The WMI Performance Adapter service entered the stopped state.
Information,04-29-2026 14:07:10,Service Control Manager,7036,None,The WMI Performance Adapter service entered the running state.
Information,04-29-2026 14:07:10,Service Control Manager,7036,None,The WMI Performance Adapter service entered the stopped state.
Information,04-29-2026 14:07:02,Service Control Manager,7036,None,The Client License Service (ClipSVC) service entered the stopped state.
Information,04-29-2026 14:07:00,Service Control Manager,7036,None,The WMI Performance Adapter service entered the running state.
Information,04-29-2026 14:07:00,Service Control Manager,7036,None,The WMI Performance Adapter service entered the stopped state.
Information,04-29-2026 14:06:50,Service Control Manager,7036,None,The WMI Performance Adapter service entered the running state.
Information,04-29-2026 14:06:50,Service Control Manager,7036,None,The WMI Performance Adapter service entered the stopped state.
Information,04-29-2026 14:06:40,Service Control Manager,7036,None,The WMI Performance Adapter service entered the running state.
Information,04-29-2026 14:06:40,Service Control Manager,7036,None,The WMI Performance Adapter service entered the stopped state.
Error,04-29-2026 14:06:38,Microsoft-Windows-DistributedCOM,10010,None,The server {CFCDE54C-C83E-449D-8A40-EFFE043FC227} did not register with DCOM within the required timeout.
Information,04-29-2026 14:06:30,Service Control Manager,7036,None,The WMI Performance Adapter service entered the running state.
Information,04-29-2026 14:06:30,Service Control Manager,7036,None,The WMI Performance Adapter service entered the stopped state.
Information,04-29-2026 14:06:20,Service Control Manager,7036,None,The WMI Performance Adapter service entered the running state.
Information,04-29-2026 14:06:20,Service Control Manager,7036,None,The WMI Performance Adapter service entered the stopped state.
Information,04-29-2026 14:06:10,Service Control Manager,7036,None,The WMI Performance Adapter service entered the running state.
Information,04-29-2026 14:06:10,Service Control Manager,7036,None,The WMI Performance Adapter service entered the stopped state.
Information,04-29-2026 14:06:00,Service Control Manager,7036,None,The WMI Performance Adapter service entered the running state.
Information,04-29-2026 14:06:00,Service Control Manager,7036,None,The WMI Performance Adapter service entered the stopped state.
Information,04-29-2026 14:05:50,Service Control Manager,7036,None,The WMI Performance Adapter service entered the running state.
Information,04-29-2026 14:05:50,Service Control Manager,7036,None,The WMI Performance Adapter service entered the stopped state.
Information,04-29-2026 14:05:40,Service Control Manager,7036,None,The WMI Performance Adapter service entered the running state.
Information,04-29-2026 14:05:40,Service Control Manager,7036,None,The WMI Performance Adapter service entered the stopped state.
Information,04-29-2026 14:05:30,Service Control Manager,7036,None,The WMI Performance Adapter service entered the running state.
Information,04-29-2026 14:05:30,Service Control Manager,7036,None,The WMI Performance Adapter service entered the stopped state.
Information,04-29-2026 14:05:20,Service Control Manager,7036,None,The WMI Performance Adapter service entered the running state.
Information,04-29-2026 14:05:20,Service Control Manager,7036,None,The WMI Performance Adapter service entered the stopped state.
Information,04-29-2026 14:05:10,Service Control Manager,7036,None,The WMI Performance Adapter service entered the running state.
Information,04-29-2026 14:05:10,Service Control Manager,7036,None,The WMI Performance Adapter service entered the stopped state.
Information,04-29-2026 14:05:05,Service Control Manager,7036,None,The WMI Performance Adapter service entered the running state.
Information,04-29-2026 14:05:05,Service Control Manager,7036,None,The WMI Performance Adapter service entered the stopped state.
Information,04-29-2026 14:05:00,Service Control Manager,7036,None,The WMI Performance Adapter service entered the running state.
Information,04-29-2026 14:05:00,Service Control Manager,7036,None,The WMI Performance Adapter service entered the stopped state.
Information,04-29-2026 14:04:55,Service Control Manager,7036,None,The WMI Performance Adapter service entered the running state.
Information,04-29-2026 14:04:55,Service Control Manager,7036,None,The WMI Performance Adapter service entered the stopped state.
Information,04-29-2026 14:04:45,Service Control Manager,7036,None,The WMI Performance Adapter service entered the running state.
Information,04-29-2026 14:04:45,Service Control Manager,7036,None,The WMI Performance Adapter service entered the stopped state.
Error,04-29-2026 14:04:38,Microsoft-Windows-DistributedCOM,10010,None,The server {CFCDE54C-C83E-449D-8A40-EFFE043FC227} did not register with DCOM within the required timeout.
Information,04-29-2026 14:04:35,Service Control Manager,7036,None,The WMI Performance Adapter service entered the running state.
Information,04-29-2026 14:04:35,Service Control Manager,7036,None,The WMI Performance Adapter service entered the stopped state.
Information,04-29-2026 14:04:25,Service Control Manager,7036,None,The WMI Performance Adapter service entered the running state.
Information,04-29-2026 14:04:25,Service Control Manager,7036,None,The WMI Performance Adapter service entered the stopped state.
Information,04-29-2026 14:04:20,Service Control Manager,7036,None,The WMI Performance Adapter service entered the running state.
Information,04-29-2026 14:04:20,Service Control Manager,7036,None,The WMI Performance Adapter service entered the stopped state.
Information,04-29-2026 14:04:10,Service Control Manager,7036,None,The WMI Performance Adapter service entered the running state.
Information,04-29-2026 14:04:10,Service Control Manager,7036,None,The WMI Performance Adapter service entered the stopped state.
Information,04-29-2026 14:04:05,Service Control Manager,7036,None,The WMI Performance Adapter service entered the running state.
Information,04-29-2026 14:04:05,Service Control Manager,7036,None,The WMI Performance Adapter service entered the stopped state.
Information,04-29-2026 14:03:55,Service Control Manager,7036,None,The WMI Performance Adapter service entered the running state.
Information,04-29-2026 14:03:55,Service Control Manager,7036,None,The WMI Performance Adapter service entered the stopped state.
Information,04-29-2026 14:03:50,Service Control Manager,7036,None,The WMI Performance Adapter service entered the running state.
Information,04-29-2026 14:03:50,Service Control Manager,7036,None,The WMI Performance Adapter service entered the stopped state.
Information,04-29-2026 14:03:45,Service Control Manager,7036,None,The WMI Performance Adapter service entered the running state.
Information,04-29-2026 14:03:45,Service Control Manager,7036,None,The WMI Performance Adapter service entered the stopped state.
Information,04-29-2026 14:03:40,Service Control Manager,7036,None,The WMI Performance Adapter service entered the running state.
Information,04-29-2026 14:03:40,Service Control Manager,7036,None,The WMI Performance Adapter service entered the stopped state.
Information,04-29-2026 14:03:35,Service Control Manager,7036,None,The WMI Performance Adapter service entered the running state.
Information,04-29-2026 14:03:35,Service Control Manager,7036,None,The WMI Performance Adapter service entered the stopped state.
Information,04-29-2026 14:03:30,Service Control Manager,7036,None,The WMI Performance Adapter service entered the running state.
Information,04-29-2026 14:03:30,Service Control Manager,7036,None,The WMI Performance Adapter service entered the stopped state.
Information,04-29-2026 14:03:20,Service Control Manager,7036,None,The WMI Performance Adapter service entered the running state.
